<?xml version="1.0" encoding="UTF-8"?>
<testng-results skipped="0" failed="0" ignored="0" total="1" passed="1">
  <reporter-output>
  </reporter-output>
  <suite name="Default suite" duration-ms="24985" started-at="2017-10-10T20:55:49Z" finished-at="2017-10-10T20:56:14Z">
    <groups>
    </groups>
    <test name="Default test" duration-ms="24985" started-at="2017-10-10T20:55:49Z" finished-at="2017-10-10T20:56:14Z">
      <class name="Stuff.AppTest">
        <test-method status="PASS" signature="Before()[pri:0, instance:null(Stuff.AppTest)]" name="Before" is-config="true" duration-ms="13443" started-at="2017-10-10T13:55:49Z" finished-at="2017-10-10T13:56:02Z">
          <reporter-output>
          </reporter-output>
        </test-method> <!-- Before -->
        <test-method status="PASS" signature="testOne()[pri:0, instance:null(Stuff.AppTest)]" name="testOne" duration-ms="9962" started-at="2017-10-10T13:56:02Z" finished-at="2017-10-10T13:56:12Z">
          <reporter-output>
          </reporter-output>
        </test-method> <!-- testOne -->
        <test-method status="PASS" signature="After()[pri:0, instance:null(Stuff.AppTest)]" name="After" is-config="true" duration-ms="1488" started-at="2017-10-10T13:56:12Z" finished-at="2017-10-10T13:56:14Z">
          <reporter-output>
          </reporter-output>
        </test-method> <!-- After -->
      </class> <!-- Stuff.AppTest -->
    </test> <!-- Default test -->
  </suite> <!-- Default suite -->
</testng-results>
