<?xml version="1.0" encoding="UTF-8"?>
<testng-results skipped="0" failed="1" ignored="0" total="3" passed="2">
  <reporter-output>
  </reporter-output>
  <suite name="Default suite" duration-ms="109475" started-at="2017-10-10T21:30:15Z" finished-at="2017-10-10T21:32:05Z">
    <groups>
      <group name="p1">
        <method signature="AppTest.testOne()[pri:0, instance:null(Stuff.AppTest)]" name="testOne" class="Stuff.AppTest"/>
      </group> <!-- p1 -->
      <group name="p2">
        <method signature="AppTest.testTwo()[pri:0, instance:null(Stuff.AppTest)]" name="testTwo" class="Stuff.AppTest"/>
      </group> <!-- p2 -->
      <group name="p3">
        <method signature="AppTest.testThree()[pri:0, instance:null(Stuff.AppTest)]" name="testThree" class="Stuff.AppTest"/>
      </group> <!-- p3 -->
      <group name="Gamasutra">
        <method signature="AppTest.testThree()[pri:0, instance:null(Stuff.AppTest)]" name="testThree" class="Stuff.AppTest"/>
      </group> <!-- Gamasutra -->
      <group name="reddit">
        <method signature="AppTest.testTwo()[pri:0, instance:null(Stuff.AppTest)]" name="testTwo" class="Stuff.AppTest"/>
      </group> <!-- reddit -->
      <group name="YouTube">
        <method signature="AppTest.testOne()[pri:0, instance:null(Stuff.AppTest)]" name="testOne" class="Stuff.AppTest"/>
      </group> <!-- YouTube -->
    </groups>
    <test name="Default test" duration-ms="109475" started-at="2017-10-10T21:30:15Z" finished-at="2017-10-10T21:32:05Z">
      <class name="Stuff.AppTest">
        <test-method status="PASS" signature="Before()[pri:0, instance:null(Stuff.AppTest)]" name="Before" is-config="true" duration-ms="16216" started-at="2017-10-10T14:30:15Z" finished-at="2017-10-10T14:30:31Z">
          <reporter-output>
          </reporter-output>
        </test-method> <!-- Before -->
        <test-method status="PASS" signature="testOne()[pri:0, instance:null(Stuff.AppTest)]" name="testOne" duration-ms="11493" started-at="2017-10-10T14:30:31Z" finished-at="2017-10-10T14:30:43Z">
          <reporter-output>
          </reporter-output>
        </test-method> <!-- testOne -->
        <test-method status="PASS" signature="After()[pri:0, instance:null(Stuff.AppTest)]" name="After" is-config="true" duration-ms="1548" started-at="2017-10-10T14:30:43Z" finished-at="2017-10-10T14:30:44Z">
          <reporter-output>
          </reporter-output>
        </test-method> <!-- After -->
        <test-method status="PASS" signature="Before()[pri:0, instance:null(Stuff.AppTest)]" name="Before" is-config="true" duration-ms="6270" started-at="2017-10-10T14:30:44Z" finished-at="2017-10-10T14:30:51Z">
          <reporter-output>
          </reporter-output>
        </test-method> <!-- Before -->
        <test-method status="FAIL" signature="testThree()[pri:0, instance:null(Stuff.AppTest)]" name="testThree" duration-ms="35812" started-at="2017-10-10T14:30:51Z" finished-at="2017-10-10T14:31:27Z">
          <exception class="org.openqa.selenium.NoSuchElementException">
            <message>
              <![CDATA[no such element: Unable to locate element: {"method":"link text","selector":" full PC Gamer interview"}
  (Session info: chrome=61.0.3163.100)
  (Driver info: chromedriver=2.33.506120 (e3e53437346286c0bc2d2dc9aa4915ba81d9023f),platform=Windows NT 10.0.10240 x86_64) (WARNING: The server did not provide any stacktrace information)
Command duration or timeout: 0 milliseconds
For documentation on this error, please visit: http://seleniumhq.org/exceptions/no_such_element.html
Build info: version: '3.6.0', revision: '6fbf3ec767', time: '2017-09-27T16:15:26.402Z'
System info: host: 'LAPTOP-Q1JS9RGK', ip: '192.168.254.51', os.name: 'Windows 10', os.arch: 'x86', os.version: '10.0', java.version: '1.8.0_144'
Driver info: org.openqa.selenium.chrome.ChromeDriver
Capabilities [{mobileEmulationEnabled=false, hasTouchScreen=false, platform=XP, acceptSslCerts=true, webStorageEnabled=true, browserName=chrome, takesScreenshot=true, javascriptEnabled=true, platformName=XP, setWindowRect=true, unexpectedAlertBehaviour=, applicationCacheEnabled=false, rotatable=false, networkConnectionEnabled=false, chrome={chromedriverVersion=2.33.506120 (e3e53437346286c0bc2d2dc9aa4915ba81d9023f), userDataDir=C:\Users\kgrin\AppData\Local\Temp\scoped_dir1688_20159}, takesHeapSnapshot=true, pageLoadStrategy=normal, unhandledPromptBehavior=, databaseEnabled=false, handlesAlerts=true, version=61.0.3163.100, browserConnectionEnabled=false, nativeEvents=true, locationContextEnabled=true, cssSelectorsEnabled=true}]
Session ID: aec9c61cd8c2182ecb12432f5c03a8cc
*** Element info: {Using=link text, value= full PC Gamer interview}]]>
            </message>
            <full-stacktrace>
              <![CDATA[org.openqa.selenium.NoSuchElementException: no such element: Unable to locate element: {"method":"link text","selector":" full PC Gamer interview"}
  (Session info: chrome=61.0.3163.100)
  (Driver info: chromedriver=2.33.506120 (e3e53437346286c0bc2d2dc9aa4915ba81d9023f),platform=Windows NT 10.0.10240 x86_64) (WARNING: The server did not provide any stacktrace information)
Command duration or timeout: 0 milliseconds
For documentation on this error, please visit: http://seleniumhq.org/exceptions/no_such_element.html
Build info: version: '3.6.0', revision: '6fbf3ec767', time: '2017-09-27T16:15:26.402Z'
System info: host: 'LAPTOP-Q1JS9RGK', ip: '192.168.254.51', os.name: 'Windows 10', os.arch: 'x86', os.version: '10.0', java.version: '1.8.0_144'
Driver info: org.openqa.selenium.chrome.ChromeDriver
Capabilities [{mobileEmulationEnabled=false, hasTouchScreen=false, platform=XP, acceptSslCerts=true, webStorageEnabled=true, browserName=chrome, takesScreenshot=true, javascriptEnabled=true, platformName=XP, setWindowRect=true, unexpectedAlertBehaviour=, applicationCacheEnabled=false, rotatable=false, networkConnectionEnabled=false, chrome={chromedriverVersion=2.33.506120 (e3e53437346286c0bc2d2dc9aa4915ba81d9023f), userDataDir=C:\Users\kgrin\AppData\Local\Temp\scoped_dir1688_20159}, takesHeapSnapshot=true, pageLoadStrategy=normal, unhandledPromptBehavior=, databaseEnabled=false, handlesAlerts=true, version=61.0.3163.100, browserConnectionEnabled=false, nativeEvents=true, locationContextEnabled=true, cssSelectorsEnabled=true}]
Session ID: aec9c61cd8c2182ecb12432f5c03a8cc
*** Element info: {Using=link text, value= full PC Gamer interview}
	at sun.reflect.NativeConstructorAccessorImpl.newInstance0(Native Method)
	at sun.reflect.NativeConstructorAccessorImpl.newInstance(Unknown Source)
	at sun.reflect.DelegatingConstructorAccessorImpl.newInstance(Unknown Source)
	at java.lang.reflect.Constructor.newInstance(Unknown Source)
	at org.openqa.selenium.remote.ErrorHandler.createThrowable(ErrorHandler.java:214)
	at org.openqa.selenium.remote.ErrorHandler.throwIfResponseFailed(ErrorHandler.java:166)
	at org.openqa.selenium.remote.http.JsonHttpResponseCodec.reconstructValue(JsonHttpResponseCodec.java:40)
	at org.openqa.selenium.remote.http.AbstractHttpResponseCodec.decode(AbstractHttpResponseCodec.java:82)
	at org.openqa.selenium.remote.http.AbstractHttpResponseCodec.decode(AbstractHttpResponseCodec.java:45)
	at org.openqa.selenium.remote.HttpCommandExecutor.execute(HttpCommandExecutor.java:164)
	at org.openqa.selenium.remote.service.DriverCommandExecutor.execute(DriverCommandExecutor.java:83)
	at org.openqa.selenium.remote.RemoteWebDriver.execute(RemoteWebDriver.java:586)
	at org.openqa.selenium.remote.RemoteWebDriver.findElement(RemoteWebDriver.java:356)
	at org.openqa.selenium.remote.RemoteWebDriver.findElementByLinkText(RemoteWebDriver.java:410)
	at org.openqa.selenium.By$ByLinkText.findElement(By.java:246)
	at org.openqa.selenium.remote.RemoteWebDriver.findElement(RemoteWebDriver.java:348)
	at Stuff.AppTest.testThree(AppTest.java:62)
	at sun.reflect.NativeMethodAccessorImpl.invoke0(Native Method)
	at sun.reflect.NativeMethodAccessorImpl.invoke(Unknown Source)
	at sun.reflect.DelegatingMethodAccessorImpl.invoke(Unknown Source)
	at java.lang.reflect.Method.invoke(Unknown Source)
	at org.testng.internal.MethodInvocationHelper.invokeMethod(MethodInvocationHelper.java:108)
	at org.testng.internal.Invoker.invokeMethod(Invoker.java:669)
	at org.testng.internal.Invoker.invokeTestMethod(Invoker.java:877)
	at org.testng.internal.Invoker.invokeTestMethods(Invoker.java:1201)
	at org.testng.internal.TestMethodWorker.invokeTestMethods(TestMethodWorker.java:125)
	at org.testng.internal.TestMethodWorker.run(TestMethodWorker.java:109)
	at org.testng.TestRunner.privateRun(TestRunner.java:776)
	at org.testng.TestRunner.run(TestRunner.java:634)
	at org.testng.SuiteRunner.runTest(SuiteRunner.java:425)
	at org.testng.SuiteRunner.runSequentially(SuiteRunner.java:420)
	at org.testng.SuiteRunner.privateRun(SuiteRunner.java:385)
	at org.testng.SuiteRunner.run(SuiteRunner.java:334)
	at org.testng.SuiteRunnerWorker.runSuite(SuiteRunnerWorker.java:52)
	at org.testng.SuiteRunnerWorker.run(SuiteRunnerWorker.java:86)
	at org.testng.TestNG.runSuitesSequentially(TestNG.java:1318)
	at org.testng.TestNG.runSuitesLocally(TestNG.java:1243)
	at org.testng.TestNG.runSuites(TestNG.java:1161)
	at org.testng.TestNG.run(TestNG.java:1129)
	at org.testng.remote.AbstractRemoteTestNG.run(AbstractRemoteTestNG.java:114)
	at org.testng.remote.RemoteTestNG.initAndRun(RemoteTestNG.java:251)
	at org.testng.remote.RemoteTestNG.main(RemoteTestNG.java:77)
]]>
            </full-stacktrace>
          </exception> <!-- org.openqa.selenium.NoSuchElementException -->
          <reporter-output>
          </reporter-output>
        </test-method> <!-- testThree -->
        <test-method status="PASS" signature="After()[pri:0, instance:null(Stuff.AppTest)]" name="After" is-config="true" duration-ms="1446" started-at="2017-10-10T14:31:27Z" finished-at="2017-10-10T14:31:28Z">
          <reporter-output>
          </reporter-output>
        </test-method> <!-- After -->
        <test-method status="PASS" signature="Before()[pri:0, instance:null(Stuff.AppTest)]" name="Before" is-config="true" duration-ms="5646" started-at="2017-10-10T14:31:28Z" finished-at="2017-10-10T14:31:34Z">
          <reporter-output>
          </reporter-output>
        </test-method> <!-- Before -->
        <test-method status="PASS" signature="testTwo()[pri:0, instance:null(Stuff.AppTest)]" name="testTwo" duration-ms="29338" started-at="2017-10-10T14:31:34Z" finished-at="2017-10-10T14:32:03Z">
          <reporter-output>
          </reporter-output>
        </test-method> <!-- testTwo -->
        <test-method status="PASS" signature="After()[pri:0, instance:null(Stuff.AppTest)]" name="After" is-config="true" duration-ms="1559" started-at="2017-10-10T14:32:03Z" finished-at="2017-10-10T14:32:05Z">
          <reporter-output>
          </reporter-output>
        </test-method> <!-- After -->
      </class> <!-- Stuff.AppTest -->
    </test> <!-- Default test -->
  </suite> <!-- Default suite -->
</testng-results>
